Determining if the pthread_create exist failed with the following output:
Change Dir: /home/INTRANET/benromdh/Desktop/myfiles/prog17-18/Neuron/build_debug/CMakeFiles/CMakeTmp

Run Build Command:"/usr/bin/make" "cmTryCompileExec2514580158/fast"
/usr/bin/make -f CMakeFiles/cmTryCompileExec2514580158.dir/build.make CMakeFiles/cmTryCompileExec2514580158.dir/build
make[1]: Entering directory `/home/INTRANET/benromdh/myfiles/prog17-18/Neuron/build_debug/CMakeFiles/CMakeTmp'
/usr/local/bin/cmake -E cmake_progress_report /home/INTRANET/benromdh/Desktop/myfiles/prog17-18/Neuron/build_debug/CMakeFiles/CMakeTmp/CMakeFiles 1
Building C object CMakeFiles/cmTryCompileExec2514580158.dir/CheckSymbolExists.c.o
/usr/bin/cc    -o CMakeFiles/cmTryCompileExec2514580158.dir/CheckSymbolExists.c.o   -c /home/INTRANET/benromdh/Desktop/myfiles/prog17-18/Neuron/build_debug/CMakeFiles/CMakeTmp/CheckSymbolExists.c
Linking C executable cmTryCompileExec2514580158
/usr/local/bin/cmake -E cmake_link_script CMakeFiles/cmTryCompileExec2514580158.dir/link.txt --verbose=1
/usr/bin/cc       CMakeFiles/cmTryCompileExec2514580158.dir/CheckSymbolExists.c.o  -o cmTryCompileExec2514580158 -rdynamic 
CMakeFiles/cmTryCompileExec2514580158.dir/CheckSymbolExists.c.o: In function `main':
CheckSymbolExists.c:(.text+0x16): undefined reference to `pthread_create'
collect2: error: ld returned 1 exit status
make[1]: *** [cmTryCompileExec2514580158] Error 1
make[1]: Leaving directory `/home/INTRANET/benromdh/myfiles/prog17-18/Neuron/build_debug/CMakeFiles/CMakeTmp'
make: *** [cmTryCompileExec2514580158/fast] Error 2

File /home/INTRANET/benromdh/Desktop/myfiles/prog17-18/Neuron/build_debug/CMakeFiles/CMakeTmp/CheckSymbolExists.c:
/* */
#include <pthread.h>

int main(int argc, char** argv)
{
  (void)argv;
#ifndef pthread_create
  return ((int*)(&pthread_create))[argc];
#else
  (void)argc;
  return 0;
#endif
}

